1                                          The SAS System              17:03 Thursday, June 11, 2020

NOTE: Copyright (c) 2016 by SAS Institute Inc., Cary, NC, USA. 
NOTE: SAS (r) Proprietary Software 9.4 (TS1M6) 
      Licensed to UNIVERSITY OF KENTUCKY - SFA T&R, Site 70080112.
NOTE: This session is executing on the X64_10PRO  platform.



NOTE: Analytical products:
      
      SAS/STAT 15.1
      SAS/ETS 15.1
      SAS/IML 15.1
      SAS/QC 15.1

NOTE: Additional host information:

 X64_10PRO WIN 10.0.18362  Workstation

NOTE: SAS initialization used:
      real time           0.44 seconds
      cpu time            0.28 seconds
      
1          /* SAS template for a 2 way analysis with a grouping variable */
2          
3          proc import out = work.all_data
4          	datafile =
4        ! "C:\ken\GitHub\CampbellMuscleLab\howtos\howtos_linear_mixed_models\docs\pages\MATLAB\two_
4        ! way_model\temp.xlsx"
5          	dbms = xlsx replace;
6          	sheet = "Sheet1";
7          	getnames=yes;
8          run;

NOTE: One or more variables were converted because the data type is not supported by the V9 engine. 
      For more details, run with options MSGLEVEL=I.
NOTE: The import data set has 67 observations and 4 variables.
NOTE: WORK.ALL_DATA data set was successfully created.
NOTE: PROCEDURE IMPORT used (Total process time):
      real time           0.03 seconds
      cpu time            0.01 seconds
      

9          
10         ods html
10       ! file="C:\ken\GitHub\CampbellMuscleLab\howtos\howtos_linear_mixed_models\docs\pages\MATLAB
10       ! \two_way_model\sas_results\sas_results.html";
NOTE: Writing HTML Body file: 
      C:\ken\GitHub\CampbellMuscleLab\howtos\howtos_linear_mixed_models\docs\pages\MATLAB\two_way_mo
      del\sas_results\sas_results.html
11         ods listing close;
12         
13         proc print data=all_data;
14         	title1 'All data';
15         run;
2                                          The SAS System              17:03 Thursday, June 11, 2020


NOTE: There were 67 observations read from the data set WORK.ALL_DATA.
NOTE: PROCEDURE PRINT used (Total process time):
      real time           0.17 seconds
      cpu time            0.01 seconds
      

16         
17         proc glimmix data=all_data;
18         	class factor_1 factor_2 tag;
19         	model pCa50 = factor_1 factor_2 factor_1*factor_2 /ddfm=satterthwaite;
20         	random tag;
21         	lsmeans factor_1 factor_2 factor_1*factor_2 /slice = factor_1 slice = factor_2
21       ! slicediff=(factor_1 factor_2) pdiff adjust=tukey;
22         run;

NOTE: With DDFM=SATTERTHWAITE or DDFM=KENWARDROGER, unadjusted p-values in tests are based on the 
      degrees of freedom specific to that comparison. P-values that are adjusted for multiplicity, 
      however, are by default based on the denominator degrees of freedom for the Type III test of 
      the fixed effect. If you specify the ADJDFE=ROW option in the LSMEANS or LSMESTIMATE 
      statement, the adjusted p-values take into account the row-wise degrees of freedom.


NOTE: Convergence criterion (GCONV=1E-8) satisfied.
NOTE: PROCEDURE GLIMMIX used (Total process time):
      real time           0.80 seconds
      cpu time            0.23 seconds
      

23         
24         ods listing;
25         ods html close;
26         

NOTE: SAS Institute Inc., SAS Campus Drive, Cary, NC USA 27513-2414
NOTE: The SAS System used:
      real time           1.97 seconds
      cpu time            0.92 seconds
      
